Determining if the pthread_create exist failed with the following output:
Change Dir: /home/vlad/Dev/simple/build/CMakeFiles/CMakeTmp

Run Build Command:"/usr/bin/make" "cmTC_a34c2/fast"
/usr/bin/make -f CMakeFiles/cmTC_a34c2.dir/build.make CMakeFiles/cmTC_a34c2.dir/build
make[1]: Entering directory '/home/vlad/Dev/simple/build/CMakeFiles/CMakeTmp'
Building C object CMakeFiles/cmTC_a34c2.dir/CheckSymbolExists.c.o
/usr/bin/cc    -o CMakeFiles/cmTC_a34c2.dir/CheckSymbolExists.c.o   -c /home/vlad/Dev/simple/build/CMakeFiles/CMakeTmp/CheckSymbolExists.c
Linking C executable cmTC_a34c2
/usr/bin/cmake -E cmake_link_script CMakeFiles/cmTC_a34c2.dir/link.txt --verbose=1
/usr/bin/cc       CMakeFiles/cmTC_a34c2.dir/CheckSymbolExists.c.o  -o cmTC_a34c2 -rdynamic 
CMakeFiles/cmTC_a34c2.dir/CheckSymbolExists.c.o: In function `main':
CheckSymbolExists.c:(.text+0x16): undefined reference to `pthread_create'
collect2: error: ld returned 1 exit status
CMakeFiles/cmTC_a34c2.dir/build.make:97: recipe for target 'cmTC_a34c2' failed
make[1]: *** [cmTC_a34c2] Error 1
make[1]: Leaving directory '/home/vlad/Dev/simple/build/CMakeFiles/CMakeTmp'
Makefile:126: recipe for target 'cmTC_a34c2/fast' failed
make: *** [cmTC_a34c2/fast] Error 2

File /home/vlad/Dev/simple/build/CMakeFiles/CMakeTmp/CheckSymbolExists.c:
/* */
#include <pthread.h>

int main(int argc, char** argv)
{
  (void)argv;
#ifndef pthread_create
  return ((int*)(&pthread_create))[argc];
#else
  (void)argc;
  return 0;
#endif
}

Determining if the function pthread_create exists in the pthreads failed with the following output:
Change Dir: /home/vlad/Dev/simple/build/CMakeFiles/CMakeTmp

Run Build Command:"/usr/bin/make" "cmTC_de2f7/fast"
/usr/bin/make -f CMakeFiles/cmTC_de2f7.dir/build.make CMakeFiles/cmTC_de2f7.dir/build
make[1]: Entering directory '/home/vlad/Dev/simple/build/CMakeFiles/CMakeTmp'
Building C object CMakeFiles/cmTC_de2f7.dir/CheckFunctionExists.c.o
/usr/bin/cc   -DCHECK_FUNCTION_EXISTS=pthread_create   -o CMakeFiles/cmTC_de2f7.dir/CheckFunctionExists.c.o   -c /usr/share/cmake-3.3/Modules/CheckFunctionExists.c
Linking C executable cmTC_de2f7
/usr/bin/cmake -E cmake_link_script CMakeFiles/cmTC_de2f7.dir/link.txt --verbose=1
/usr/bin/cc   -DCHECK_FUNCTION_EXISTS=pthread_create    CMakeFiles/cmTC_de2f7.dir/CheckFunctionExists.c.o  -o cmTC_de2f7 -rdynamic -lpthreads 
/usr/bin/ld: cannot find -lpthreads
collect2: error: ld returned 1 exit status
CMakeFiles/cmTC_de2f7.dir/build.make:97: recipe for target 'cmTC_de2f7' failed
make[1]: Leaving directory '/home/vlad/Dev/simple/build/CMakeFiles/CMakeTmp'
make[1]: *** [cmTC_de2f7] Error 1
Makefile:126: recipe for target 'cmTC_de2f7/fast' failed
make: *** [cmTC_de2f7/fast] Error 2


Determining if the include file io.h exists failed with the following output:
Change Dir: /home/vlad/Dev/simple/build/CMakeFiles/CMakeTmp

Run Build Command:"/usr/bin/make" "cmTC_69981/fast"
/usr/bin/make -f CMakeFiles/cmTC_69981.dir/build.make CMakeFiles/cmTC_69981.dir/build
make[1]: Entering directory '/home/vlad/Dev/simple/build/CMakeFiles/CMakeTmp'
Building C object CMakeFiles/cmTC_69981.dir/CheckIncludeFile.c.o
/usr/bin/cc   -std=c99   -D_GNU_SOURCE=1 -D_POSIX_C_SOURCE=200809L -D_XOPEN_SOURCE=700   -o CMakeFiles/cmTC_69981.dir/CheckIncludeFile.c.o   -c /home/vlad/Dev/simple/build/CMakeFiles/CMakeTmp/CheckIncludeFile.c
/home/vlad/Dev/simple/build/CMakeFiles/CMakeTmp/CheckIncludeFile.c:1:16: fatal error: io.h: No such file or directory
compilation terminated.
CMakeFiles/cmTC_69981.dir/build.make:65: recipe for target 'CMakeFiles/cmTC_69981.dir/CheckIncludeFile.c.o' failed
make[1]: *** [CMakeFiles/cmTC_69981.dir/CheckIncludeFile.c.o] Error 1
make[1]: Leaving directory '/home/vlad/Dev/simple/build/CMakeFiles/CMakeTmp'
Makefile:126: recipe for target 'cmTC_69981/fast' failed
make: *** [cmTC_69981/fast] Error 2


Determining if the include file sys/sysconf.h exists failed with the following output:
Change Dir: /home/vlad/Dev/simple/build/CMakeFiles/CMakeTmp

Run Build Command:"/usr/bin/make" "cmTC_e918b/fast"
/usr/bin/make -f CMakeFiles/cmTC_e918b.dir/build.make CMakeFiles/cmTC_e918b.dir/build
make[1]: Entering directory '/home/vlad/Dev/simple/build/CMakeFiles/CMakeTmp'
Building C object CMakeFiles/cmTC_e918b.dir/CheckIncludeFile.c.o
/usr/bin/cc   -std=c99   -D_GNU_SOURCE=1 -D_POSIX_C_SOURCE=200809L -D_XOPEN_SOURCE=700   -o CMakeFiles/cmTC_e918b.dir/CheckIncludeFile.c.o   -c /home/vlad/Dev/simple/build/CMakeFiles/CMakeTmp/CheckIncludeFile.c
/home/vlad/Dev/simple/build/CMakeFiles/CMakeTmp/CheckIncludeFile.c:1:25: fatal error: sys/sysconf.h: No such file or directory
compilation terminated.
CMakeFiles/cmTC_e918b.dir/build.make:65: recipe for target 'CMakeFiles/cmTC_e918b.dir/CheckIncludeFile.c.o' failed
make[1]: *** [CMakeFiles/cmTC_e918b.dir/CheckIncludeFile.c.o] Error 1
make[1]: Leaving directory '/home/vlad/Dev/simple/build/CMakeFiles/CMakeTmp'
Makefile:126: recipe for target 'cmTC_e918b/fast' failed
make: *** [cmTC_e918b/fast] Error 2


Determining if the include file ieeefp.h exists failed with the following output:
Change Dir: /home/vlad/Dev/simple/build/CMakeFiles/CMakeTmp

Run Build Command:"/usr/bin/make" "cmTC_78ed0/fast"
/usr/bin/make -f CMakeFiles/cmTC_78ed0.dir/build.make CMakeFiles/cmTC_78ed0.dir/build
make[1]: Entering directory '/home/vlad/Dev/simple/build/CMakeFiles/CMakeTmp'
Building C object CMakeFiles/cmTC_78ed0.dir/CheckIncludeFile.c.o
/usr/bin/cc   -std=c99   -D_GNU_SOURCE=1 -D_POSIX_C_SOURCE=200809L -D_XOPEN_SOURCE=700   -o CMakeFiles/cmTC_78ed0.dir/CheckIncludeFile.c.o   -c /home/vlad/Dev/simple/build/CMakeFiles/CMakeTmp/CheckIncludeFile.c
/home/vlad/Dev/simple/build/CMakeFiles/CMakeTmp/CheckIncludeFile.c:1:20: fatal error: ieeefp.h: No such file or directory
compilation terminated.
CMakeFiles/cmTC_78ed0.dir/build.make:65: recipe for target 'CMakeFiles/cmTC_78ed0.dir/CheckIncludeFile.c.o' failed
make[1]: *** [CMakeFiles/cmTC_78ed0.dir/CheckIncludeFile.c.o] Error 1
make[1]: Leaving directory '/home/vlad/Dev/simple/build/CMakeFiles/CMakeTmp'
Makefile:126: recipe for target 'cmTC_78ed0/fast' failed
make: *** [cmTC_78ed0/fast] Error 2


Determining if the include file guiddef.h exists failed with the following output:
Change Dir: /home/vlad/Dev/simple/build/CMakeFiles/CMakeTmp

Run Build Command:"/usr/bin/make" "cmTC_5ccf6/fast"
/usr/bin/make -f CMakeFiles/cmTC_5ccf6.dir/build.make CMakeFiles/cmTC_5ccf6.dir/build
make[1]: Entering directory '/home/vlad/Dev/simple/build/CMakeFiles/CMakeTmp'
Building C object CMakeFiles/cmTC_5ccf6.dir/CheckIncludeFile.c.o
/usr/bin/cc   -std=c99   -D_GNU_SOURCE=1 -D_POSIX_C_SOURCE=200809L -D_XOPEN_SOURCE=700   -o CMakeFiles/cmTC_5ccf6.dir/CheckIncludeFile.c.o   -c /home/vlad/Dev/simple/build/CMakeFiles/CMakeTmp/CheckIncludeFile.c
/home/vlad/Dev/simple/build/CMakeFiles/CMakeTmp/CheckIncludeFile.c:1:21: fatal error: guiddef.h: No such file or directory
compilation terminated.
CMakeFiles/cmTC_5ccf6.dir/build.make:65: recipe for target 'CMakeFiles/cmTC_5ccf6.dir/CheckIncludeFile.c.o' failed
make[1]: *** [CMakeFiles/cmTC_5ccf6.dir/CheckIncludeFile.c.o] Error 1
make[1]: Leaving directory '/home/vlad/Dev/simple/build/CMakeFiles/CMakeTmp'
Makefile:126: recipe for target 'cmTC_5ccf6/fast' failed
make: *** [cmTC_5ccf6/fast] Error 2


Determining if the include file initguid.h exists failed with the following output:
Change Dir: /home/vlad/Dev/simple/build/CMakeFiles/CMakeTmp

Run Build Command:"/usr/bin/make" "cmTC_bcd4d/fast"
/usr/bin/make -f CMakeFiles/cmTC_bcd4d.dir/build.make CMakeFiles/cmTC_bcd4d.dir/build
make[1]: Entering directory '/home/vlad/Dev/simple/build/CMakeFiles/CMakeTmp'
Building C object CMakeFiles/cmTC_bcd4d.dir/CheckIncludeFile.c.o
/usr/bin/cc   -std=c99   -D_GNU_SOURCE=1 -D_POSIX_C_SOURCE=200809L -D_XOPEN_SOURCE=700   -o CMakeFiles/cmTC_bcd4d.dir/CheckIncludeFile.c.o   -c /home/vlad/Dev/simple/build/CMakeFiles/CMakeTmp/CheckIncludeFile.c
/home/vlad/Dev/simple/build/CMakeFiles/CMakeTmp/CheckIncludeFile.c:1:22: fatal error: initguid.h: No such file or directory
compilation terminated.
CMakeFiles/cmTC_bcd4d.dir/build.make:65: recipe for target 'CMakeFiles/cmTC_bcd4d.dir/CheckIncludeFile.c.o' failed
make[1]: *** [CMakeFiles/cmTC_bcd4d.dir/CheckIncludeFile.c.o] Error 1
make[1]: Leaving directory '/home/vlad/Dev/simple/build/CMakeFiles/CMakeTmp'
Makefile:126: recipe for target 'cmTC_bcd4d/fast' failed
make: *** [cmTC_bcd4d/fast] Error 2


Determining if the _aligned_malloc exist failed with the following output:
Change Dir: /home/vlad/Dev/simple/build/CMakeFiles/CMakeTmp

Run Build Command:"/usr/bin/make" "cmTC_07379/fast"
/usr/bin/make -f CMakeFiles/cmTC_07379.dir/build.make CMakeFiles/cmTC_07379.dir/build
make[1]: Entering directory '/home/vlad/Dev/simple/build/CMakeFiles/CMakeTmp'
Building C object CMakeFiles/cmTC_07379.dir/CheckSymbolExists.c.o
/usr/bin/cc   -std=c99   -D_GNU_SOURCE=1 -D_POSIX_C_SOURCE=200809L -D_XOPEN_SOURCE=700   -o CMakeFiles/cmTC_07379.dir/CheckSymbolExists.c.o   -c /home/vlad/Dev/simple/build/CMakeFiles/CMakeTmp/CheckSymbolExists.c
/home/vlad/Dev/simple/build/CMakeFiles/CMakeTmp/CheckSymbolExists.c: In function ‘main’:
/home/vlad/Dev/simple/build/CMakeFiles/CMakeTmp/CheckSymbolExists.c:8:19: error: ‘_aligned_malloc’ undeclared (first use in this function)
   return ((int*)(&_aligned_malloc))[argc];
                   ^
/home/vlad/Dev/simple/build/CMakeFiles/CMakeTmp/CheckSymbolExists.c:8:19: note: each undeclared identifier is reported only once for each function it appears in
CMakeFiles/cmTC_07379.dir/build.make:65: recipe for target 'CMakeFiles/cmTC_07379.dir/CheckSymbolExists.c.o' failed
make[1]: Leaving directory '/home/vlad/Dev/simple/build/CMakeFiles/CMakeTmp'
make[1]: *** [CMakeFiles/cmTC_07379.dir/CheckSymbolExists.c.o] Error 1
Makefile:126: recipe for target 'cmTC_07379/fast' failed
make: *** [cmTC_07379/fast] Error 2

File /home/vlad/Dev/simple/build/CMakeFiles/CMakeTmp/CheckSymbolExists.c:
/* */
#include <malloc.h>

int main(int argc, char** argv)
{
  (void)argv;
#ifndef _aligned_malloc
  return ((int*)(&_aligned_malloc))[argc];
#else
  (void)argc;
  return 0;
#endif
}

Determining if the _controlfp exist failed with the following output:
Change Dir: /home/vlad/Dev/simple/build/CMakeFiles/CMakeTmp

Run Build Command:"/usr/bin/make" "cmTC_42a08/fast"
/usr/bin/make -f CMakeFiles/cmTC_42a08.dir/build.make CMakeFiles/cmTC_42a08.dir/build
make[1]: Entering directory '/home/vlad/Dev/simple/build/CMakeFiles/CMakeTmp'
Building C object CMakeFiles/cmTC_42a08.dir/CheckSymbolExists.c.o
/usr/bin/cc   -std=c99   -D_GNU_SOURCE=1 -D_POSIX_C_SOURCE=200809L -D_XOPEN_SOURCE=700   -o CMakeFiles/cmTC_42a08.dir/CheckSymbolExists.c.o   -c /home/vlad/Dev/simple/build/CMakeFiles/CMakeTmp/CheckSymbolExists.c
/home/vlad/Dev/simple/build/CMakeFiles/CMakeTmp/CheckSymbolExists.c: In function ‘main’:
/home/vlad/Dev/simple/build/CMakeFiles/CMakeTmp/CheckSymbolExists.c:8:19: error: ‘_controlfp’ undeclared (first use in this function)
   return ((int*)(&_controlfp))[argc];
                   ^
/home/vlad/Dev/simple/build/CMakeFiles/CMakeTmp/CheckSymbolExists.c:8:19: note: each undeclared identifier is reported only once for each function it appears in
CMakeFiles/cmTC_42a08.dir/build.make:65: recipe for target 'CMakeFiles/cmTC_42a08.dir/CheckSymbolExists.c.o' failed
make[1]: Leaving directory '/home/vlad/Dev/simple/build/CMakeFiles/CMakeTmp'
make[1]: *** [CMakeFiles/cmTC_42a08.dir/CheckSymbolExists.c.o] Error 1
Makefile:126: recipe for target 'cmTC_42a08/fast' failed
make: *** [cmTC_42a08/fast] Error 2

File /home/vlad/Dev/simple/build/CMakeFiles/CMakeTmp/CheckSymbolExists.c:
/* */
#include <float.h>

int main(int argc, char** argv)
{
  (void)argv;
#ifndef _controlfp
  return ((int*)(&_controlfp))[argc];
#else
  (void)argc;
  return 0;
#endif
}

Determining if the __control87_2 exist failed with the following output:
Change Dir: /home/vlad/Dev/simple/build/CMakeFiles/CMakeTmp

Run Build Command:"/usr/bin/make" "cmTC_31a39/fast"
/usr/bin/make -f CMakeFiles/cmTC_31a39.dir/build.make CMakeFiles/cmTC_31a39.dir/build
make[1]: Entering directory '/home/vlad/Dev/simple/build/CMakeFiles/CMakeTmp'
Building C object CMakeFiles/cmTC_31a39.dir/CheckSymbolExists.c.o
/usr/bin/cc   -std=c99   -D_GNU_SOURCE=1 -D_POSIX_C_SOURCE=200809L -D_XOPEN_SOURCE=700   -o CMakeFiles/cmTC_31a39.dir/CheckSymbolExists.c.o   -c /home/vlad/Dev/simple/build/CMakeFiles/CMakeTmp/CheckSymbolExists.c
/home/vlad/Dev/simple/build/CMakeFiles/CMakeTmp/CheckSymbolExists.c: In function ‘main’:
/home/vlad/Dev/simple/build/CMakeFiles/CMakeTmp/CheckSymbolExists.c:8:19: error: ‘__control87_2’ undeclared (first use in this function)
   return ((int*)(&__control87_2))[argc];
                   ^
/home/vlad/Dev/simple/build/CMakeFiles/CMakeTmp/CheckSymbolExists.c:8:19: note: each undeclared identifier is reported only once for each function it appears in
CMakeFiles/cmTC_31a39.dir/build.make:65: recipe for target 'CMakeFiles/cmTC_31a39.dir/CheckSymbolExists.c.o' failed
make[1]: *** [CMakeFiles/cmTC_31a39.dir/CheckSymbolExists.c.o] Error 1
make[1]: Leaving directory '/home/vlad/Dev/simple/build/CMakeFiles/CMakeTmp'
Makefile:126: recipe for target 'cmTC_31a39/fast' failed
make: *** [cmTC_31a39/fast] Error 2

File /home/vlad/Dev/simple/build/CMakeFiles/CMakeTmp/CheckSymbolExists.c:
/* */
#include <float.h>

int main(int argc, char** argv)
{
  (void)argv;
#ifndef __control87_2
  return ((int*)(&__control87_2))[argc];
#else
  (void)argc;
  return 0;
#endif
}

Determining if the include file android/api-level.h exists failed with the following output:
Change Dir: /home/vlad/Dev/simple/build/CMakeFiles/CMakeTmp

Run Build Command:"/usr/bin/make" "cmTC_0ae27/fast"
/usr/bin/make -f CMakeFiles/cmTC_0ae27.dir/build.make CMakeFiles/cmTC_0ae27.dir/build
make[1]: Entering directory '/home/vlad/Dev/simple/build/CMakeFiles/CMakeTmp'
Building C object CMakeFiles/cmTC_0ae27.dir/CheckIncludeFile.c.o
/usr/bin/cc   -std=c99   -D_GNU_SOURCE=1 -D_POSIX_C_SOURCE=200809L -D_XOPEN_SOURCE=700   -o CMakeFiles/cmTC_0ae27.dir/CheckIncludeFile.c.o   -c /home/vlad/Dev/simple/build/CMakeFiles/CMakeTmp/CheckIncludeFile.c
/home/vlad/Dev/simple/build/CMakeFiles/CMakeTmp/CheckIncludeFile.c:1:31: fatal error: android/api-level.h: No such file or directory
compilation terminated.
CMakeFiles/cmTC_0ae27.dir/build.make:65: recipe for target 'CMakeFiles/cmTC_0ae27.dir/CheckIncludeFile.c.o' failed
make[1]: *** [CMakeFiles/cmTC_0ae27.dir/CheckIncludeFile.c.o] Error 1
make[1]: Leaving directory '/home/vlad/Dev/simple/build/CMakeFiles/CMakeTmp'
Makefile:126: recipe for target 'cmTC_0ae27/fast' failed
make: *** [cmTC_0ae27/fast] Error 2


Determining if the include file windows.h exists failed with the following output:
Change Dir: /home/vlad/Dev/simple/build/CMakeFiles/CMakeTmp

Run Build Command:"/usr/bin/make" "cmTC_2bd42/fast"
/usr/bin/make -f CMakeFiles/cmTC_2bd42.dir/build.make CMakeFiles/cmTC_2bd42.dir/build
make[1]: Entering directory '/home/vlad/Dev/simple/build/CMakeFiles/CMakeTmp'
Building C object CMakeFiles/cmTC_2bd42.dir/CheckIncludeFile.c.o
/usr/bin/cc   -std=c99  -D_WIN32_WINNT=0x0502  -D_GNU_SOURCE=1 -D_POSIX_C_SOURCE=200809L -D_XOPEN_SOURCE=700   -o CMakeFiles/cmTC_2bd42.dir/CheckIncludeFile.c.o   -c /home/vlad/Dev/simple/build/CMakeFiles/CMakeTmp/CheckIncludeFile.c
/home/vlad/Dev/simple/build/CMakeFiles/CMakeTmp/CheckIncludeFile.c:1:21: fatal error: windows.h: No such file or directory
compilation terminated.
CMakeFiles/cmTC_2bd42.dir/build.make:65: recipe for target 'CMakeFiles/cmTC_2bd42.dir/CheckIncludeFile.c.o' failed
make[1]: *** [CMakeFiles/cmTC_2bd42.dir/CheckIncludeFile.c.o] Error 1
make[1]: Leaving directory '/home/vlad/Dev/simple/build/CMakeFiles/CMakeTmp'
Makefile:126: recipe for target 'cmTC_2bd42/fast' failed
make: *** [cmTC_2bd42/fast] Error 2


Determining if files pthread.h;pthread_np.h exist failed with the following output:
Change Dir: /home/vlad/Dev/simple/build/CMakeFiles/CMakeTmp

Run Build Command:"/usr/bin/make" "cmTC_4a948/fast"
/usr/bin/make -f CMakeFiles/cmTC_4a948.dir/build.make CMakeFiles/cmTC_4a948.dir/build
make[1]: Entering directory '/home/vlad/Dev/simple/build/CMakeFiles/CMakeTmp'
Building C object CMakeFiles/cmTC_4a948.dir/CheckIncludeFiles.c.o
/usr/bin/cc   -std=c99   -D_GNU_SOURCE=1 -D_POSIX_C_SOURCE=200809L -D_XOPEN_SOURCE=700   -o CMakeFiles/cmTC_4a948.dir/CheckIncludeFiles.c.o   -c /home/vlad/Dev/simple/build/CMakeFiles/CMakeTmp/CheckIncludeFiles.c
/home/vlad/Dev/simple/build/CMakeFiles/CMakeTmp/CheckIncludeFiles.c:3:24: fatal error: pthread_np.h: No such file or directory
compilation terminated.
CMakeFiles/cmTC_4a948.dir/build.make:65: recipe for target 'CMakeFiles/cmTC_4a948.dir/CheckIncludeFiles.c.o' failed
make[1]: *** [CMakeFiles/cmTC_4a948.dir/CheckIncludeFiles.c.o] Error 1
make[1]: Leaving directory '/home/vlad/Dev/simple/build/CMakeFiles/CMakeTmp'
Makefile:126: recipe for target 'cmTC_4a948/fast' failed
make: *** [cmTC_4a948/fast] Error 2

Source:
/* */
#include <pthread.h>
#include <pthread_np.h>


int main(void){return 0;}

Determining if the include file arm_neon.h exists failed with the following output:
Change Dir: /home/vlad/Dev/simple/build/CMakeFiles/CMakeTmp

Run Build Command:"/usr/bin/make" "cmTC_a45b6/fast"
/usr/bin/make -f CMakeFiles/cmTC_a45b6.dir/build.make CMakeFiles/cmTC_a45b6.dir/build
make[1]: Entering directory '/home/vlad/Dev/simple/build/CMakeFiles/CMakeTmp'
Building C object CMakeFiles/cmTC_a45b6.dir/CheckIncludeFile.c.o
/usr/bin/cc   -std=c99   -D_GNU_SOURCE=1 -D_POSIX_C_SOURCE=200809L -D_XOPEN_SOURCE=700 -pthread   -o CMakeFiles/cmTC_a45b6.dir/CheckIncludeFile.c.o   -c /home/vlad/Dev/simple/build/CMakeFiles/CMakeTmp/CheckIncludeFile.c
/home/vlad/Dev/simple/build/CMakeFiles/CMakeTmp/CheckIncludeFile.c:1:22: fatal error: arm_neon.h: No such file or directory
compilation terminated.
CMakeFiles/cmTC_a45b6.dir/build.make:65: recipe for target 'CMakeFiles/cmTC_a45b6.dir/CheckIncludeFile.c.o' failed
make[1]: *** [CMakeFiles/cmTC_a45b6.dir/CheckIncludeFile.c.o] Error 1
make[1]: Leaving directory '/home/vlad/Dev/simple/build/CMakeFiles/CMakeTmp'
Makefile:126: recipe for target 'cmTC_a45b6/fast' failed
make: *** [cmTC_a45b6/fast] Error 2


Determining if files SLES/OpenSLES.h;SLES/OpenSLES_Android.h exist failed with the following output:
Change Dir: /home/vlad/Dev/simple/build/CMakeFiles/CMakeTmp

Run Build Command:"/usr/bin/make" "cmTC_47350/fast"
/usr/bin/make -f CMakeFiles/cmTC_47350.dir/build.make CMakeFiles/cmTC_47350.dir/build
make[1]: Entering directory '/home/vlad/Dev/simple/build/CMakeFiles/CMakeTmp'
Building C object CMakeFiles/cmTC_47350.dir/CheckIncludeFiles.c.o
/usr/bin/cc   -std=c99   -D_GNU_SOURCE=1 -D_POSIX_C_SOURCE=200809L -D_XOPEN_SOURCE=700 -pthread   -o CMakeFiles/cmTC_47350.dir/CheckIncludeFiles.c.o   -c /home/vlad/Dev/simple/build/CMakeFiles/CMakeTmp/CheckIncludeFiles.c
/home/vlad/Dev/simple/build/CMakeFiles/CMakeTmp/CheckIncludeFiles.c:2:27: fatal error: SLES/OpenSLES.h: No such file or directory
compilation terminated.
CMakeFiles/cmTC_47350.dir/build.make:65: recipe for target 'CMakeFiles/cmTC_47350.dir/CheckIncludeFiles.c.o' failed
make[1]: *** [CMakeFiles/cmTC_47350.dir/CheckIncludeFiles.c.o] Error 1
make[1]: Leaving directory '/home/vlad/Dev/simple/build/CMakeFiles/CMakeTmp'
Makefile:126: recipe for target 'cmTC_47350/fast' failed
make: *** [cmTC_47350/fast] Error 2

Source:
/* */
#include <SLES/OpenSLES.h>
#include <SLES/OpenSLES_Android.h>


int main(void){return 0;}

Determining if the Q_WS_WIN exist failed with the following output:
Change Dir: /home/vlad/Dev/simple/build/CMakeFiles/CMakeTmp

Run Build Command:"/usr/bin/make" "cmTC_3b6c5/fast"
/usr/bin/make -f CMakeFiles/cmTC_3b6c5.dir/build.make CMakeFiles/cmTC_3b6c5.dir/build
make[1]: Entering directory '/home/vlad/Dev/simple/build/CMakeFiles/CMakeTmp'
Building CXX object CMakeFiles/cmTC_3b6c5.dir/CheckSymbolExists.cxx.o
/usr/bin/c++    -D_GNU_SOURCE=1 -D_POSIX_C_SOURCE=200809L -D_XOPEN_SOURCE=700 -pthread -I/usr/include/qt4    -o CMakeFiles/cmTC_3b6c5.dir/CheckSymbolExists.cxx.o -c /home/vlad/Dev/simple/build/CMakeFiles/CMakeTmp/CheckSymbolExists.cxx
/home/vlad/Dev/simple/build/CMakeFiles/CMakeTmp/CheckSymbolExists.cxx: In function ‘int main(int, char**)’:
/home/vlad/Dev/simple/build/CMakeFiles/CMakeTmp/CheckSymbolExists.cxx:8:19: error: ‘Q_WS_WIN’ was not declared in this scope
   return ((int*)(&Q_WS_WIN))[argc];
                   ^
CMakeFiles/cmTC_3b6c5.dir/build.make:65: recipe for target 'CMakeFiles/cmTC_3b6c5.dir/CheckSymbolExists.cxx.o' failed
make[1]: Leaving directory '/home/vlad/Dev/simple/build/CMakeFiles/CMakeTmp'
make[1]: *** [CMakeFiles/cmTC_3b6c5.dir/CheckSymbolExists.cxx.o] Error 1
Makefile:126: recipe for target 'cmTC_3b6c5/fast' failed
make: *** [cmTC_3b6c5/fast] Error 2

File /home/vlad/Dev/simple/build/CMakeFiles/CMakeTmp/CheckSymbolExists.cxx:
/* */
#include <QtCore/qglobal.h>

int main(int argc, char** argv)
{
  (void)argv;
#ifndef Q_WS_WIN
  return ((int*)(&Q_WS_WIN))[argc];
#else
  (void)argc;
  return 0;
#endif
}

Determining if the Q_WS_QWS exist failed with the following output:
Change Dir: /home/vlad/Dev/simple/build/CMakeFiles/CMakeTmp

Run Build Command:"/usr/bin/make" "cmTC_d4600/fast"
/usr/bin/make -f CMakeFiles/cmTC_d4600.dir/build.make CMakeFiles/cmTC_d4600.dir/build
make[1]: Entering directory '/home/vlad/Dev/simple/build/CMakeFiles/CMakeTmp'
Building CXX object CMakeFiles/cmTC_d4600.dir/CheckSymbolExists.cxx.o
/usr/bin/c++    -D_GNU_SOURCE=1 -D_POSIX_C_SOURCE=200809L -D_XOPEN_SOURCE=700 -pthread -I/usr/include/qt4    -o CMakeFiles/cmTC_d4600.dir/CheckSymbolExists.cxx.o -c /home/vlad/Dev/simple/build/CMakeFiles/CMakeTmp/CheckSymbolExists.cxx
/home/vlad/Dev/simple/build/CMakeFiles/CMakeTmp/CheckSymbolExists.cxx: In function ‘int main(int, char**)’:
/home/vlad/Dev/simple/build/CMakeFiles/CMakeTmp/CheckSymbolExists.cxx:8:19: error: ‘Q_WS_QWS’ was not declared in this scope
   return ((int*)(&Q_WS_QWS))[argc];
                   ^
CMakeFiles/cmTC_d4600.dir/build.make:65: recipe for target 'CMakeFiles/cmTC_d4600.dir/CheckSymbolExists.cxx.o' failed
make[1]: Leaving directory '/home/vlad/Dev/simple/build/CMakeFiles/CMakeTmp'
make[1]: *** [CMakeFiles/cmTC_d4600.dir/CheckSymbolExists.cxx.o] Error 1
Makefile:126: recipe for target 'cmTC_d4600/fast' failed
make: *** [cmTC_d4600/fast] Error 2

File /home/vlad/Dev/simple/build/CMakeFiles/CMakeTmp/CheckSymbolExists.cxx:
/* */
#include <QtCore/qglobal.h>

int main(int argc, char** argv)
{
  (void)argv;
#ifndef Q_WS_QWS
  return ((int*)(&Q_WS_QWS))[argc];
#else
  (void)argc;
  return 0;
#endif
}

Determining if the Q_WS_MAC exist failed with the following output:
Change Dir: /home/vlad/Dev/simple/build/CMakeFiles/CMakeTmp

Run Build Command:"/usr/bin/make" "cmTC_33f80/fast"
/usr/bin/make -f CMakeFiles/cmTC_33f80.dir/build.make CMakeFiles/cmTC_33f80.dir/build
make[1]: Entering directory '/home/vlad/Dev/simple/build/CMakeFiles/CMakeTmp'
Building CXX object CMakeFiles/cmTC_33f80.dir/CheckSymbolExists.cxx.o
/usr/bin/c++    -D_GNU_SOURCE=1 -D_POSIX_C_SOURCE=200809L -D_XOPEN_SOURCE=700 -pthread -I/usr/include/qt4    -o CMakeFiles/cmTC_33f80.dir/CheckSymbolExists.cxx.o -c /home/vlad/Dev/simple/build/CMakeFiles/CMakeTmp/CheckSymbolExists.cxx
/home/vlad/Dev/simple/build/CMakeFiles/CMakeTmp/CheckSymbolExists.cxx: In function ‘int main(int, char**)’:
/home/vlad/Dev/simple/build/CMakeFiles/CMakeTmp/CheckSymbolExists.cxx:8:19: error: ‘Q_WS_MAC’ was not declared in this scope
   return ((int*)(&Q_WS_MAC))[argc];
                   ^
CMakeFiles/cmTC_33f80.dir/build.make:65: recipe for target 'CMakeFiles/cmTC_33f80.dir/CheckSymbolExists.cxx.o' failed
make[1]: *** [CMakeFiles/cmTC_33f80.dir/CheckSymbolExists.cxx.o] Error 1
make[1]: Leaving directory '/home/vlad/Dev/simple/build/CMakeFiles/CMakeTmp'
Makefile:126: recipe for target 'cmTC_33f80/fast' failed
make: *** [cmTC_33f80/fast] Error 2

File /home/vlad/Dev/simple/build/CMakeFiles/CMakeTmp/CheckSymbolExists.cxx:
/* */
#include <QtCore/qglobal.h>

int main(int argc, char** argv)
{
  (void)argv;
#ifndef Q_WS_MAC
  return ((int*)(&Q_WS_MAC))[argc];
#else
  (void)argc;
  return 0;
#endif
}

